2016/11/29 14:01:27:590  INFO praise.Praise:71 - test1129
2016/11/29 14:10:49:900  INFO praise.Praise:71 - test1129
2016/11/29 14:15:18:784  INFO praise.Praise:71 - test1129
2016/11/29 15:24:09:314  INFO cn.xuexi.util.Log:9 - --------------------------
2016/11/29 15:24:09:318  INFO cn.xuexi.util.Log:10 - ******   praise   ********
2016/11/29 15:24:47:598  INFO cn.xuexi.util.Log:13 - *********    测试用例执行结束   ******
2016/11/29 15:24:47:599  INFO cn.xuexi.util.Log:14 - ----------------------------
2016/11/29 15:24:47:600  INFO cn.xuexi.util.Log:18 - 20161129
2016/11/29 16:39:18:315  INFO cn.xuexi.util.Log:9 - --------------------------
2016/11/29 16:39:18:318  INFO cn.xuexi.util.Log:10 - ******   praisePic   ********
2016/11/29 16:39:38:296  INFO cn.xuexi.util.Log:13 - *********    测试用例执行结束   ******
2016/11/29 16:39:38:297  INFO cn.xuexi.util.Log:14 - ----------------------------
2016/11/30 11:13:15:676  INFO cn.xuexi.util.Log:9 - --------------------------
2016/11/30 11:13:15:679  INFO cn.xuexi.util.Log:10 - ******   praise   ********
2016/11/30 11:13:37:098  INFO cn.xuexi.util.Log:13 - *********    测试用例执行结束   ******
2016/11/30 11:13:37:098  INFO cn.xuexi.util.Log:14 - ----------------------------
2016/11/30 11:13:37:120  INFO cn.xuexi.util.Log:18 - 20161130
2016/11/30 11:14:02:993  INFO cn.xuexi.util.Log:9 - --------------------------
2016/11/30 11:14:02:993  INFO cn.xuexi.util.Log:10 - ******   praisePic   ********
2016/11/30 11:14:26:044  INFO cn.xuexi.util.Log:13 - *********    测试用例执行结束   ******
2016/11/30 11:14:26:045  INFO cn.xuexi.util.Log:14 - ----------------------------
2016/11/30 12:30:57:883  INFO cn.xuexi.util.Log:9 - --------------------------
2016/11/30 12:30:57:886  INFO cn.xuexi.util.Log:10 - ******   despise   ********
2016/11/30 12:32:27:162  INFO cn.xuexi.util.Log:13 - *********    测试用例执行结束   ******
2016/11/30 12:32:27:162  INFO cn.xuexi.util.Log:14 - ----------------------------
2016/11/30 12:32:27:163  INFO cn.xuexi.util.Log:18 - 20161130
2016/11/30 12:33:35:500  INFO cn.xuexi.util.Log:9 - --------------------------
2016/11/30 12:33:35:501  INFO cn.xuexi.util.Log:10 - ******   despisePic   ********
2016/11/30 12:34:00:630  INFO cn.xuexi.util.Log:13 - *********    测试用例执行结束   ******
2016/11/30 12:34:00:631  INFO cn.xuexi.util.Log:14 - ----------------------------
2016/11/30 12:39:19:709  INFO cn.xuexi.util.Log:9 - --------------------------
2016/11/30 12:39:19:712  INFO cn.xuexi.util.Log:10 - ******   despise   ********
2016/11/30 12:39:37:925  INFO cn.xuexi.util.Log:13 - *********    测试用例执行结束   ******
2016/11/30 12:39:37:925  INFO cn.xuexi.util.Log:14 - ----------------------------
2016/11/30 12:39:37:926  INFO cn.xuexi.util.Log:18 - 20161130
2016/11/30 12:40:02:842  INFO cn.xuexi.util.Log:9 - --------------------------
2016/11/30 12:40:02:842  INFO cn.xuexi.util.Log:10 - ******   despisePic   ********
2016/11/30 12:40:25:859  INFO cn.xuexi.util.Log:13 - *********    测试用例执行结束   ******
2016/11/30 12:40:25:859  INFO cn.xuexi.util.Log:14 - ----------------------------
